{"level":"error","message":"Fri Mar 22 2024 02:08:54 GMT+0100 (heure normale d’Europe centrale)-{\"name\":\"Data Not found\",\"statusCode\":500,\"isOperational\":true}","private":true}
{"level":"error","message":"Fri Mar 22 2024 21:05:59 GMT+0100 (heure normale d’Europe centrale)-{\"name\":\"Data Not found\",\"statusCode\":500,\"isOperational\":true}","private":true}
{"level":"error","message":"Fri Mar 22 2024 21:08:23 GMT+0100 (heure normale d’Europe centrale)-{\"name\":\"Data Not found\",\"statusCode\":500,\"isOperational\":true}","private":true}
{"level":"error","message":"Fri Mar 22 2024 23:25:52 GMT+0100 (heure normale d’Europe centrale)-{}","private":true}
{"level":"error","message":"Fri Mar 22 2024 23:33:25 GMT+0100 (heure normale d’Europe centrale)-{}","private":true}
{"level":"error","message":"Fri Mar 22 2024 23:36:29 GMT+0100 (heure normale d’Europe centrale)-{}","private":true}
{"level":"error","message":"Fri Mar 22 2024 23:41:20 GMT+0100 (heure normale d’Europe centrale)-{}","private":true}
{"level":"error","message":"Sat Mar 23 2024 00:07:37 GMT+0100 (heure normale d’Europe centrale)-{}","private":true}
{"level":"error","message":"Sat Mar 23 2024 00:23:43 GMT+0100 (heure normale d’Europe centrale)-{}","private":true}
{"level":"error","message":"Sat Mar 23 2024 02:47:49 GMT+0100 (heure normale d’Europe centrale)-{\"name\":\"Data Not found\",\"statusCode\":500,\"isOperational\":true}","private":true}
{"level":"error","message":"Sat Mar 23 2024 02:48:21 GMT+0100 (heure normale d’Europe centrale)-{\"name\":\"Data Not found\",\"statusCode\":500,\"isOperational\":true}","private":true}
{"level":"error","message":"Sat Mar 23 2024 03:20:08 GMT+0100 (heure normale d’Europe centrale)-{}","private":true}
{"level":"error","message":"Wed Apr 03 2024 00:41:23 GMT+0200 (heure d’été d’Europe centrale)-{\"expose\":true,\"statusCode\":400,\"status\":400,\"body\":\"{\\n\\t\\t\\t\\\"_id\\\": \\\"65fde3d76e06403807ca5e1e\\\",\\n\\t\\t\\t\\\"name\\\": \\\"Ergonomic Wireless Mouse\\\",\\n\\t\\t\\t\\\"desc\\\": \\\"Precision mouse designed for comfortable use during long hours of work.\\\",\\n\\t\\\"banner\\\":\\\"https://chaoscomputers.co.za/wp-content/uploads/2023/06/RD-M607-KS_wr_01.jpg\\\",\\n\\t\\t\\t\\\"type\\\": \\\"mouse\\\",\\n\\t\\t\\t\\\"price\\\": 49.99,\\n\\t\\t\\t\\\"available\\\": true,\\n\\t\\t\\t\\\"__v\\\": 0\\n\\t\\t},\",\"type\":\"entity.parse.failed\"}","private":true}
{"level":"error","message":"Wed Apr 03 2024 00:41:55 GMT+0200 (heure d’été d’Europe centrale)-{\"expose\":true,\"statusCode\":400,\"status\":400,\"body\":\"{\\n\\t\\t\\t\\\"_id\\\": \\\"65fde3d76e06403807ca5e1e\\\",\\n\\t\\t\\t\\\"name\\\": \\\"Ergonomic Wireless Mouse\\\",\\n\\t\\t\\t\\\"desc\\\": \\\"Precision mouse designed for comfortable use during long hours of work.\\\",\\n\\t\\\"banner\\\":\\\"https://chaoscomputers.co.za/wp-content/uploads/2023/06/RD-M607-KS_wr_01.jpg\\\",\\n\\t\\t\\t\\\"type\\\": \\\"mouse\\\",\\n\\t\\t\\t\\\"price\\\": 49.99,\\n\\t\\t\\t\\\"available\\\": true,\\n\\t\\t\\t\\\"__v\\\": 0\\n\\t\\t},\",\"type\":\"entity.parse.failed\"}","private":true}
{"level":"error","message":"Wed Apr 03 2024 00:42:48 GMT+0200 (heure d’été d’Europe centrale)-{\"expose\":true,\"statusCode\":400,\"status\":400,\"body\":\"{\\n\\t\\t\\t\\\"_id\\\": \\\"65fde3cb6e06403807ca5e1c\\\",\\n\\t\\t\\t\\\"name\\\": \\\"Wireless Bluetooth Earbuds\\\",\\n\\t\\t\\t\\\"desc\\\": \\\"High-quality wireless earbuds with noise cancellation technology.\\\",\\n\\t\\t\\t\\\"type\\\": \\\"headphones\\\",\\n\\t\\t\\t\\\"price\\\": 99.99,\\n\\t\\t\\t\\\"available\\\": true,\\n\\t\\t\\t\\\"__v\\\": 0\\n\\t\\t},\",\"type\":\"entity.parse.failed\"}","private":true}
{"level":"error","message":"Wed Apr 03 2024 00:43:58 GMT+0200 (heure d’été d’Europe centrale)-{\"expose\":true,\"statusCode\":400,\"status\":400,\"body\":\"{\\n\\t\\\"_id\\\": \\\"65fde3fa6e06403807ca5e22\\\",\\n\\t\\\"name\\\": \\\"Smart Fitness Watch\\\",\\n\\t\\\"desc\\\": \\\"Track your fitness goals and stay connected with notifications on this sleek smartwatch.\\\",\\n\\tbanner:\\\"https://image.made-in-china.com/202f0j00rhPkMFeclzqN/2023-New-Arrive-Wearable-Devices-1-85-Inch-HD-Screen-Smartwatch-Reloj-Sports-Smart-Watch.webp\\\"\\n\\t\\\"type\\\": \\\"smartwatch\\\",\\n\\t\\\"price\\\": 149.99,\\n\\t\\\"available\\\": true,\\n\\t\\\"__v\\\": 0\\n}\",\"type\":\"entity.parse.failed\"}","private":true}
{"level":"error","message":"Wed Apr 03 2024 00:52:34 GMT+0200 (heure d’été d’Europe centrale)-{\"expose\":true,\"statusCode\":400,\"status\":400,\"body\":\"{\\n\\t\\\"_id\\\": \\\"65fde3fa6e06403807ca5e22\\\",\\n\\t\\\"name\\\": \\\"Smart Fitness Watch\\\",\\n\\t\\\"desc\\\": \\\"Track your fitness goals and stay connected with notifications on this sleek smartwatch.\\\",\\n\\tbanner:\\\"https://image.made-in-china.com/202f0j00rhPkMFeclzqN/2023-New-Arrive-Wearable-Devices-1-85-Inch-HD-Screen-Smartwatch-Reloj-Sports-Smart-Watch.webp\\\"\\n\\t\\\"type\\\": \\\"smartwatch\\\",\\n\\t\\\"price\\\": 149.99,\\n\\t\\\"available\\\": true,\\n\\t\\\"__v\\\": 0\\n}\",\"type\":\"entity.parse.failed\"}","private":true}
{"level":"error","message":"Wed Apr 03 2024 00:52:58 GMT+0200 (heure d’été d’Europe centrale)-{\"expose\":true,\"statusCode\":400,\"status\":400,\"body\":\"{\\n\\t\\\"_id\\\": \\\"65fde3fa6e06403807ca5e22\\\",\\n\\t\\\"name\\\": \\\"Smart Fitness Watch\\\",\\n\\t\\\"desc\\\": \\\"Track your fitness goals and stay connected with notifications on this sleek smartwatch.\\\",\\n\\tbanner:\\\"https://image.made-in-china.com/202f0j00rhPkMFeclzqN/2023-New-Arrive-Wearable-Devices-1-85-Inch-HD-Screen-Smartwatch-Reloj-Sports-Smart-Watch.webp\\\"\\n\\t\\\"type\\\": \\\"smartwatch\\\",\\n\\t\\\"price\\\": 149.99,\\n\\t\\\"available\\\": true,\\n\\t\\\"__v\\\": 0\\n}\",\"type\":\"entity.parse.failed\"}","private":true}
{"level":"error","message":"Wed Apr 03 2024 01:13:25 GMT+0200 (heure d’été d’Europe centrale)-{}","private":true}
{"level":"error","message":"Wed Apr 03 2024 01:15:09 GMT+0200 (heure d’été d’Europe centrale)-{}","private":true}
{"level":"error","message":"Wed Apr 03 2024 01:19:12 GMT+0200 (heure d’été d’Europe centrale)-{}","private":true}
